2022-09-27 16:30:15:3015 [32minfo[39m: [32m/reservation/user/:id endpoint accessed[39m
2022-09-27 16:43:54:4354 [32minfo[39m: [32m/reservation/new endpoint accessed[39m
2022-09-27 16:44:22:4422 [32minfo[39m: [32m/reservation/new endpoint accessed[39m
2022-09-27 16:44:36:4436 [32minfo[39m: [32m/reservation/new endpoint accessed[39m
2022-09-27 16:44:41:4441 [32minfo[39m: [32m/reservation/new endpoint accessed[39m
2022-09-27 16:44:46:4446 [32minfo[39m: [32m/reservation/new endpoint accessed[39m
2022-09-27 16:46:07:467 [32minfo[39m: [32m/reservation/delete endpoint accessed[39m
2022-09-27 16:46:25:4625 [32minfo[39m: [32m/reservation/delete endpoint accessed[39m
2022-09-27 16:46:32:4632 [32minfo[39m: [32m/reservation/delete endpoint accessed[39m
2022-09-27 16:46:35:4635 [32minfo[39m: [32m/reservation/delete endpoint accessed[39m
2022-09-27 16:46:36:4636 [32minfo[39m: [32m/reservation/delete endpoint accessed[39m
2022-09-27 16:46:36:4636 [32minfo[39m: [32m/reservation/delete endpoint accessed[39m
2022-09-27 16:46:37:4637 [32minfo[39m: [32m/reservation/delete endpoint accessed[39m
2022-09-27 16:46:45:4645 [32minfo[39m: [32m/reservation/delete endpoint accessed[39m
2022-09-27 16:50:32:5032 [32minfo[39m: [32m/reservation/delete endpoint accessed[39m
2022-09-27 16:50:32:5032 [32minfo[39m: [32mDeleteResult { raw: [], affected: 0 }[39m
2022-09-27 16:51:28:5128 [32minfo[39m: [32m/reservation/delete endpoint accessed[39m
2022-09-27 16:51:28:5128 [32minfo[39m: [32m0[39m
2022-09-27 16:53:48:5348 [32minfo[39m: [32m/reservation/delete endpoint accessed[39m
2022-09-27 16:54:04:544 [32minfo[39m: [32m/reservation/delete endpoint accessed[39m
2022-09-27 17:33:07:337 [32minfo[39m: [32m/reservation/delete endpoint accessed[39m
2022-09-27 17:33:27:3327 [32minfo[39m: [32m/reservation/delete endpoint accessed[39m
2022-09-27 18:06:46:646 [32minfo[39m: [32m/reservation/new endpoint accessed[39m
2022-09-27 18:07:26:726 [32minfo[39m: [32m/reservation/user/:id endpoint accessed[39m
2022-09-27 18:08:05:85 [32minfo[39m: [32m/reservation/date endpoint accessed[39m
2022-09-29 16:10:11:1011 [32minfo[39m: [32m/reservation/new endpoint accessed[39m
2022-09-29 16:12:06:126 [32minfo[39m: [32m/reservation/new endpoint accessed[39m
2022-09-29 16:12:43:1243 [32minfo[39m: [32m/reservation/new endpoint accessed[39m
2022-09-29 16:18:08:188 [32minfo[39m: [32m/reservation/new endpoint accessed[39m
2022-09-29 16:19:12:1912 [32minfo[39m: [32m/reservation/new endpoint accessed[39m
2022-09-29 16:20:16:2016 [32minfo[39m: [32m/reservation/date endpoint accessed[39m
2022-09-29 16:23:30:2330 [32minfo[39m: [32m/reservation/date endpoint accessed[39m
2022-09-29 16:28:02:282 [32minfo[39m: [32m/reservation/date endpoint accessed[39m
2022-09-29 16:29:26:2926 [32minfo[39m: [32m/reservation/user/:id endpoint accessed[39m
2022-09-29 16:50:12:5012 [32minfo[39m: [32m/reservation/user/:id endpoint accessed[39m
2022-09-29 16:50:56:5056 [32minfo[39m: [32m/reservation/user/:id endpoint accessed[39m
2022-09-29 17:26:09:269 [32minfo[39m: [32m/reservation/user/:id endpoint accessed[39m
2022-09-29 17:43:19:4319 [32minfo[39m: [32m/reservation/user/:id endpoint accessed[39m
2022-09-29 17:45:20:4520 [32minfo[39m: [32m/reservation/user/:id endpoint accessed[39m
2022-09-29 17:46:06:466 [32minfo[39m: [32m/reservation/user/:id endpoint accessed[39m
2022-09-29 17:52:16:5216 [32minfo[39m: [32m/reservation/user/:id endpoint accessed[39m
2022-09-29 17:57:57:5757 [32minfo[39m: [32m/reservation/date endpoint accessed[39m
2022-09-29 18:00:55:055 [32minfo[39m: [32m/reservation/date endpoint accessed[39m
2022-09-29 18:09:52:952 [32minfo[39m: [32m/reservation/date endpoint accessed[39m
2022-09-29 18:13:54:1354 [32minfo[39m: [32m/reservation/user/:id endpoint accessed[39m
2022-09-29 18:14:46:1446 [32minfo[39m: [32m/reservation/new endpoint accessed[39m
2022-09-29 18:16:30:1630 [32minfo[39m: [32m/reservation/delete endpoint accessed[39m
2022-09-30 15:40:44:4044 [32minfo[39m: [32mLogger: Data source has been initialized.[39m
2022-09-30 15:41:31:4131 [32minfo[39m: [32mLogger: Data source has been initialized.[39m
2022-09-30 15:41:50:4150 [32minfo[39m: [32mData source has been initialized.[39m
2022-09-30 15:42:11:4211 [32minfo[39m: [32m/building/cities endpoint accessed[39m
2022-09-30 15:43:48:4348 [32minfo[39m: [32m/building/new endpoint accessed[39m
2022-09-30 15:44:37:4437 [32minfo[39m: [32mData source has been initialized.[39m
2022-09-30 15:44:38:4438 [32minfo[39m: [32m/building/new endpoint accessed[39m
2022-09-30 15:45:15:4515 [32minfo[39m: [32mData source has been initialized.[39m
2022-09-30 15:45:16:4516 [32minfo[39m: [32m/building/new endpoint accessed[39m
2022-09-30 15:47:21:4721 [32minfo[39m: [32mData source has been initialized.[39m
2022-09-30 15:47:22:4722 [32minfo[39m: [32m/building/new endpoint accessed[39m
2022-09-30 15:48:36:4836 [32minfo[39m: [32mData source has been initialized.[39m
2022-09-30 15:48:37:4837 [32minfo[39m: [32m/building/new endpoint accessed[39m
2022-09-30 15:49:46:4946 [32minfo[39m: [32m/building/delete/:id endpoint accessed[39m
2022-09-30 15:50:28:5028 [32minfo[39m: [32m/building/new endpoint accessed[39m
2022-09-30 15:51:20:5120 [32minfo[39m: [32m/building/:id/edit endpoint accessed[39m
2022-09-30 15:52:09:529 [32minfo[39m: [32mData source has been initialized.[39m
2022-09-30 15:52:09:529 [32minfo[39m: [32m/building/:id/edit endpoint accessed[39m
2022-09-30 15:53:22:5322 [32minfo[39m: [32m/building endpoint accessed[39m
2022-09-30 15:56:28:5628 [32minfo[39m: [32mData source has been initialized.[39m
2022-09-30 15:56:29:5629 [32minfo[39m: [32m/building/edit/:id endpoint accessed[39m
2022-09-30 15:59:15:5915 [32minfo[39m: [32m/user endpoint accessed[39m
